2025-11-19 23:11:07,029 homework_03_0102 <module> Line 194 [INFO]: Project Root: /Users/admin/Documents/02_education/대학원/2025/컴퓨터비전/실습
2025-11-19 23:11:07,029 homework_03_0102 <module> Line 195 [INFO]: Result Root: /Users/admin/Documents/02_education/대학원/2025/컴퓨터비전/실습/result/hw3
2025-11-19 23:11:07,030 homework_03_0102 <module> Line 455 [INFO]: ==================== 문제 2: EuroSAT Classification ====================
2025-11-19 23:11:07,066 homework_03_0102 <module> Line 467 [INFO]: [문제2] TrainAug=18900 | TrainEval=18900 | Val=4050 | Test=4050
2025-11-19 23:11:07,067 homework_03_0102 _log_split_distribution Line 137 [INFO]: [문제2][train_aug] Ratio=[0.1106, 0.113, 0.1094, 0.0946, 0.0925, 0.0748, 0.0928, 0.109, 0.0924, 0.1111]
2025-11-19 23:11:07,067 homework_03_0102 _log_split_distribution Line 137 [INFO]: [문제2][train_eval] Ratio=[0.1106, 0.113, 0.1094, 0.0946, 0.0925, 0.0748, 0.0928, 0.109, 0.0924, 0.1111]
2025-11-19 23:11:07,068 homework_03_0102 _log_split_distribution Line 137 [INFO]: [문제2][val] Ratio=[0.1104, 0.1042, 0.1165, 0.0911, 0.0988, 0.0696, 0.0953, 0.1148, 0.0916, 0.1077]
2025-11-19 23:11:07,068 homework_03_0102 _log_split_distribution Line 137 [INFO]: [문제2][test] Ratio=[0.1143, 0.1094, 0.1138, 0.0849, 0.0869, 0.0753, 0.0891, 0.117, 0.0943, 0.1148]
2025-11-19 23:11:07,068 homework_03_0102 <module> Line 485 [INFO]: ---- [문제2] 파라미터 탐색 / 최종 스코어 / 시각화 ----
2025-11-19 23:21:38,252 homework_03_0102 _evaluate_dl_split Line 166 [INFO]: [문제2][MLP][train_baseline] Acc=0.5237 | Prec=0.5409 | Recall=0.5263 | F1=0.5037
[[1450   20   25  140   68   54  147   23  162    1]
 [   0 1616    0   17    0   52    0   18   37  395]
 [ 316   83  303  451   77  101  346  128  259    3]
 [ 330   33   32  515  113   69   44   34  612    5]
 [  60    0    7   26 1531   16   10   28   70    0]
 [  19  225   13  208    1  829    6    7  102    3]
 [ 621   28   42  250   44   35  558   38  136    1]
 [ 135   50   93  310  215   69  102  468  617    2]
 [  86   89   12  163   34   99    4   16 1220   24]
 [   3  279    1    8    5  152    0   70  173 1408]]
2025-11-19 23:22:06,533 homework_03_0102 _evaluate_dl_split Line 166 [INFO]: [문제2][MLP][test_baseline] Acc=0.5240 | Prec=0.5306 | Recall=0.5290 | F1=0.5051
[[310   7  12  24  10  16  35   7  42   0]
 [  0 333   0   4   0   6   0   4  13  83]
 [ 69  19  70 120  19  18  72  24  49   1]
 [ 59   4  15  93  19  24  11  12 106   1]
 [ 17   0   1   3 312   1   0  10   8   0]
 [  4  56   3  51   1 175   0   2  12   1]
 [118   5  12  47   9  11 120  10  29   0]
 [ 32  14  31  70  44  19  28 102 133   1]
 [ 20  17   2  36   7  12   1   0 285   2]
 [  0  64   0   2   0  24   0  18  35 322]]
2025-11-20 00:26:20,877 homework_03_0102 <module> Line 546 [INFO]: [문제2][MLP] Hyperopt Best Params={'dropout': 0.2, 'first_dim': 384, 'lr': 0.0013259433831351454, 'num_layers': 3, 'width_decay': 0.43766168214442824, 'hidden': [384, 176, 80], 'epochs': 30}
2025-11-20 00:26:51,754 homework_03_0102 _evaluate_dl_split Line 166 [INFO]: [문제2][MLP][train_tuned] Acc=0.5246 | Prec=0.5532 | Recall=0.5189 | F1=0.4943
[[1558   21  115   22   52   60   43   30  188    1]
 [   0 2020    2    0    0   67    0   11   11   24]
 [ 430   66  927   78   37   56  109  189  170    5]
 [ 371  101  177  231   68   85   11   93  650    0]
 [  34    0   36   52 1384   10    3  147   82    0]
 [  62  301   69    8    1  787    1   19  165    0]
 [ 811   31  275   37   25   62  242   96  172    2]
 [ 145  105  377  110  141   36   42  720  384    1]
 [ 101  207   39   93   20  107    2   34 1141    3]
 [   7  747   29    3    5  208    0   57  139  904]]
2025-11-20 00:27:20,355 homework_03_0102 _evaluate_dl_split Line 166 [INFO]: [문제2][MLP][test_tuned] Acc=0.5319 | Prec=0.5601 | Recall=0.5246 | F1=0.5031
[[332   6  29  10   5  18   8  11  44   0]
 [  0 419   0   0   0  15   0   4   1   4]
 [ 90  14 220  11  10  13  28  39  36   0]
 [ 68  11  43  44   9  24   4  28 113   0]
 [ 13   0   8   8 281   1   1  32   8   0]
 [ 16  62  21   0   1 167   0   4  34   0]
 [156   9  65   7   3  13  54  23  31   0]
 [ 30  21 101  21  27  12   8 176  78   0]
 [ 25  50   7  21   1  14   0   7 257   0]
 [  1 172   8   0   0  37   0  13  30 204]]
2025-11-20 00:40:23,081 homework_03_0102 _evaluate_dl_split Line 166 [INFO]: [문제2][RESNET][train_baseline] Acc=0.9620 | Prec=0.9621 | Recall=0.9604 | F1=0.9612
[[2009    7   10    4    0   20   18    0    6   16]
 [   3 2095    9    0    0    6    0    0    3   19]
 [  17   11 1947    5    0   28   39    0   16    4]
 [   5    0    3 1732    7    1    8    5   26    0]
 [   0    0    6   14 1690    0    6   32    0    0]
 [  23   22   25    0    0 1325   11    0    4    3]
 [  44    0  113    1    0    5 1588    2    0    0]
 [   0    0   15    1   11    0    3 2031    0    0]
 [  25    3    1   22    0    9    1    0 1684    2]
 [   3   10    0    0    0    0    0    0    6 2080]]
2025-11-20 00:40:51,998 homework_03_0102 _evaluate_dl_split Line 166 [INFO]: [문제2][RESNET][test_baseline] Acc=0.9546 | Prec=0.9543 | Recall=0.9533 | F1=0.9536
[[437   0   5   0   0   9   6   0   2   4]
 [  0 433   3   0   0   3   0   0   0   4]
 [  3   2 431   0   0  10   9   2   3   1]
 [  3   0   1 326   2   1   2   0   9   0]
 [  0   0   2   2 342   0   2   4   0   0]
 [  3   2   6   0   0 291   1   0   2   0]
 [ 11   0  27   0   0   1 322   0   0   0]
 [  0   0   5   0   5   0   2 462   0   0]
 [  9   0   1   7   0   3   0   0 361   1]
 [  1   2   0   0   0   0   0   0   1 461]]
2025-11-20 10:49:27,324 homework_03_0102 <module> Line 546 [INFO]: [문제2][RESNET] Hyperopt Best Params={'base_channels': 32, 'layer1': 3, 'layer2': 2, 'layer3': 2, 'lr': 0.002246906518888923, 'layers': (3, 2, 2), 'epochs': 30}
2025-11-20 10:49:59,999 homework_03_0102 _evaluate_dl_split Line 166 [INFO]: [문제2][RESNET][train_tuned] Acc=0.9514 | Prec=0.9492 | Recall=0.9517 | F1=0.9501
[[1928    7   12    4    0   74   33    0   17   15]
 [   0 2099    3    0    0   16    0    0    1   16]
 [   7   27 1846   14   11   48   99    0   13    2]
 [   5    0    2 1744   10    3    8    0   15    0]
 [   0    0    6   33 1696    0    4    9    0    0]
 [   1   17   22    0    0 1361    3    0    7    2]
 [  34    0   70    7    5   31 1604    1    1    0]
 [   0    3   33   14   42    0    8 1961    0    0]
 [  21    5    2   43    0   13    1    0 1659    3]
 [   2    8    0    0    0    2    0    0    4 2083]]
2025-11-20 10:50:28,790 homework_03_0102 _evaluate_dl_split Line 166 [INFO]: [문제2][RESNET][test_tuned] Acc=0.9449 | Prec=0.9424 | Recall=0.9459 | F1=0.9437
[[418   0   5   1   0  20   9   0   8   2]
 [  0 437   0   0   0   3   0   0   0   3]
 [  2   6 411   2   1  12  22   2   2   1]
 [  1   0   1 333   2   1   2   0   4   0]
 [  0   0   0  13 334   0   2   3   0   0]
 [  0   2   5   0   0 296   2   0   0   0]
 [  8   0  26   1   1   1 323   0   1   0]
 [  0   0  12   7  10   0   1 444   0   0]
 [  5   0   0   4   0   3   1   0 368   1]
 [  0   1   0   0   0   0   0   0   1 463]]
2025-11-20 11:01:56,433 homework_03_0102 _evaluate_dl_split Line 166 [INFO]: [문제2][CONVNEXT][train_baseline] Acc=0.8197 | Prec=0.8201 | Recall=0.8158 | F1=0.8160
[[1717   10   33   41    0   48  158    2   61   20]
 [   1 1886   22    6    0   78    1   10    6  125]
 [  14    5 1466   63   31   45  344   54   43    2]
 [  59    0   64 1218   97   16  182   52   99    0]
 [   0    0   26   38 1613    0   10   61    0    0]
 [  20   91   36   37    0 1045  104    1   78    1]
 [  56    1  133   56    3   13 1444   24   23    0]
 [   0    0   45   45   50    0   44 1875    2    0]
 [  65    9   30  213   14   43   30    0 1342    1]
 [  10  155   17    3    0   15    0    0   13 1886]]
2025-11-20 11:02:25,086 homework_03_0102 _evaluate_dl_split Line 166 [INFO]: [문제2][CONVNEXT][test_baseline] Acc=0.7904 | Prec=0.7885 | Recall=0.7834 | F1=0.7839
[[371   2   9   6   0  15  36   0  19   5]
 [  0 394   4   1   0  16   0   2   1  25]
 [  3   1 305  15  11  14  88  14   9   1]
 [ 12   0   9 211  22   7  47  11  25   0]
 [  0   0   9   8 318   0   2  15   0   0]
 [  1  21   8   8   0 217  30   0  19   1]
 [ 14   0  49  15   1   2 263  12   5   0]
 [  0   0  19  17   5   0  10 423   0   0]
 [ 15   1   5  59   3  10  11   0 277   1]
 [  1  35   1   3   0   1   0   0   2 422]]
2025-11-20 14:38:44,593 homework_03_0102 <module> Line 546 [INFO]: [문제2][CONVNEXT] Hyperopt Best Params={'base_dim': 48, 'depth1': 3, 'depth2': 2, 'depth3': 3, 'dim_growth': 2, 'lr': 0.0027429904658480627, 'depths': (3, 2, 3), 'dims': (48, 96, 192), 'epochs': 30}
2025-11-20 14:39:16,886 homework_03_0102 _evaluate_dl_split Line 166 [INFO]: [문제2][CONVNEXT][train_tuned] Acc=0.8923 | Prec=0.8900 | Recall=0.8902 | F1=0.8885
[[1840    8   40   19    0   48   80    3   28   24]
 [   0 1910   21    1    0   67    0    0    6  130]
 [   4    6 1799   30   14   73   46   43   43    9]
 [  11    0   18 1547   89   18   10   52   42    0]
 [   0    0    4   25 1691    0    0   28    0    0]
 [  18   43   18   11    0 1264   25    2   23    9]
 [  62    0  250   61    5   65 1250   37   23    0]
 [   0    0   21   27   51    3    2 1957    0    0]
 [  46    5    6   86    5   51    1    2 1542    3]
 [   1   30    0    0    0    1    0    0    3 2064]]
2025-11-20 14:39:45,855 homework_03_0102 _evaluate_dl_split Line 166 [INFO]: [문제2][CONVNEXT][test_tuned] Acc=0.8514 | Prec=0.8467 | Recall=0.8464 | F1=0.8441
[[395   2  10   4   0  16  20   1   8   7]
 [  0 389   4   0   0  18   0   0   2  30]
 [  2   1 379  12   3  14  16  14  18   2]
 [  3   0   5 271  22   8   5  15  15   0]
 [  0   0   0   6 339   0   0   7   0   0]
 [  4  13   7   3   0 261  10   1   4   2]
 [ 14   0  77  17   0  17 219  12   5   0]
 [  0   0  14  10  21   0   3 425   1   0]
 [ 10   0   4  33   0  15   3   1 311   5]
 [  0   4   0   0   0   1   0   0   1 459]]
2025-11-20 14:39:46,421 homework_03_0102 <module> Line 589 [INFO]: [문제2] Test Metrics Summary:
   model         stage  accuracy  precision   recall       f1                                                                                                                                                                                                                                                                                                                                                                                         confusion_matrix
     MLP baseline_test  0.523951   0.530643 0.528971 0.505109 [[310, 7, 12, 24, 10, 16, 35, 7, 42, 0], [0, 333, 0, 4, 0, 6, 0, 4, 13, 83], [69, 19, 70, 120, 19, 18, 72, 24, 49, 1], [59, 4, 15, 93, 19, 24, 11, 12, 106, 1], [17, 0, 1, 3, 312, 1, 0, 10, 8, 0], [4, 56, 3, 51, 1, 175, 0, 2, 12, 1], [118, 5, 12, 47, 9, 11, 120, 10, 29, 0], [32, 14, 31, 70, 44, 19, 28, 102, 133, 1], [20, 17, 2, 36, 7, 12, 1, 0, 285, 2], [0, 64, 0, 2, 0, 24, 0, 18, 35, 322]]
     MLP    tuned_test  0.531852   0.560112 0.524623 0.503133     [[332, 6, 29, 10, 5, 18, 8, 11, 44, 0], [0, 419, 0, 0, 0, 15, 0, 4, 1, 4], [90, 14, 220, 11, 10, 13, 28, 39, 36, 0], [68, 11, 43, 44, 9, 24, 4, 28, 113, 0], [13, 0, 8, 8, 281, 1, 1, 32, 8, 0], [16, 62, 21, 0, 1, 167, 0, 4, 34, 0], [156, 9, 65, 7, 3, 13, 54, 23, 31, 0], [30, 21, 101, 21, 27, 12, 8, 176, 78, 0], [25, 50, 7, 21, 1, 14, 0, 7, 257, 0], [1, 172, 8, 0, 0, 37, 0, 13, 30, 204]]
  RESNET baseline_test  0.954568   0.954334 0.953263 0.953630                                                  [[437, 0, 5, 0, 0, 9, 6, 0, 2, 4], [0, 433, 3, 0, 0, 3, 0, 0, 0, 4], [3, 2, 431, 0, 0, 10, 9, 2, 3, 1], [3, 0, 1, 326, 2, 1, 2, 0, 9, 0], [0, 0, 2, 2, 342, 0, 2, 4, 0, 0], [3, 2, 6, 0, 0, 291, 1, 0, 2, 0], [11, 0, 27, 0, 0, 1, 322, 0, 0, 0], [0, 0, 5, 0, 5, 0, 2, 462, 0, 0], [9, 0, 1, 7, 0, 3, 0, 0, 361, 1], [1, 2, 0, 0, 0, 0, 0, 0, 1, 461]]
  RESNET    tuned_test  0.944938   0.942416 0.945868 0.943694                                              [[418, 0, 5, 1, 0, 20, 9, 0, 8, 2], [0, 437, 0, 0, 0, 3, 0, 0, 0, 3], [2, 6, 411, 2, 1, 12, 22, 2, 2, 1], [1, 0, 1, 333, 2, 1, 2, 0, 4, 0], [0, 0, 0, 13, 334, 0, 2, 3, 0, 0], [0, 2, 5, 0, 0, 296, 2, 0, 0, 0], [8, 0, 26, 1, 1, 1, 323, 0, 1, 0], [0, 0, 12, 7, 10, 0, 1, 444, 0, 0], [5, 0, 0, 4, 0, 3, 1, 0, 368, 1], [0, 1, 0, 0, 0, 0, 0, 0, 1, 463]]
CONVNEXT baseline_test  0.790370   0.788541 0.783414 0.783944                      [[371, 2, 9, 6, 0, 15, 36, 0, 19, 5], [0, 394, 4, 1, 0, 16, 0, 2, 1, 25], [3, 1, 305, 15, 11, 14, 88, 14, 9, 1], [12, 0, 9, 211, 22, 7, 47, 11, 25, 0], [0, 0, 9, 8, 318, 0, 2, 15, 0, 0], [1, 21, 8, 8, 0, 217, 30, 0, 19, 1], [14, 0, 49, 15, 1, 2, 263, 12, 5, 0], [0, 0, 19, 17, 5, 0, 10, 423, 0, 0], [15, 1, 5, 59, 3, 10, 11, 0, 277, 1], [1, 35, 1, 3, 0, 1, 0, 0, 2, 422]]
CONVNEXT    tuned_test  0.851358   0.846677 0.846446 0.844112                           [[395, 2, 10, 4, 0, 16, 20, 1, 8, 7], [0, 389, 4, 0, 0, 18, 0, 0, 2, 30], [2, 1, 379, 12, 3, 14, 16, 14, 18, 2], [3, 0, 5, 271, 22, 8, 5, 15, 15, 0], [0, 0, 0, 6, 339, 0, 0, 7, 0, 0], [4, 13, 7, 3, 0, 261, 10, 1, 4, 2], [14, 0, 77, 17, 0, 17, 219, 12, 5, 0], [0, 0, 14, 10, 21, 0, 3, 425, 1, 0], [10, 0, 4, 33, 0, 15, 3, 1, 311, 5], [0, 4, 0, 0, 0, 1, 0, 0, 1, 459]]
2025-11-20 14:39:46,421 homework_03_0102 <module> Line 592 [INFO]: [문제2] 최고 성능 모델: RESNET (Baseline F1 0.9536 / Tuned F1 0.9437)
2025-11-20 14:39:46,421 homework_03_0102 <module> Line 603 [INFO]: No. 1,2 of HW3 Elapsed Time: 928.65 Minutes
