2025-11-16 23:22:09,301 homework_03_0102 <module> Line 192 [INFO]: Project Root: /Users/admin/Documents/02_education/대학원/2025/컴퓨터비전/실습
2025-11-16 23:22:09,301 homework_03_0102 <module> Line 193 [INFO]: Result Root: /Users/admin/Documents/02_education/대학원/2025/컴퓨터비전/실습/result/hw3
2025-11-16 23:22:09,303 homework_03_0102 <module> Line 206 [INFO]: ==================== 문제 1: Bag-of-Features ====================
2025-11-16 23:22:10,071 homework_03_0102 <module> Line 234 [INFO]: [문제1] Train=1538, Test=1509, Classes=15
2025-11-16 23:22:10,071 homework_03_0102 <module> Line 239 [INFO]: [문제1] Train Ratio=[0.065, 0.065, 0.065, 0.065, 0.083, 0.065, 0.065, 0.065, 0.065, 0.065, 0.072, 0.065, 0.065, 0.065, 0.065]
2025-11-16 23:22:10,071 homework_03_0102 <module> Line 240 [INFO]: [문제1] Test Ratio=[0.072, 0.066, 0.066, 0.066, 0.066, 0.066, 0.066, 0.066, 0.066, 0.066, 0.066, 0.066, 0.066, 0.066, 0.066]
2025-11-16 23:22:54,580 homework_03_0102 <module> Line 312 [INFO]: ---- [문제1] 파라미터 탐색 / 최종 스코어 / 시각화 ----
2025-11-16 23:22:54,969 homework_03_0102 <module> Line 335 [INFO]: [문제1][SVM][Baseline] Acc=0.4341 | Prec=0.5049 | Recall=0.4366 | F1=0.4331
[[ 2  0  0  2 75  1  2  8  4  2  1  1  1  2  8]
 [ 0 64  0 10  1  0  0  0  1  0 23  0  0  1  0]
 [ 0  0 86  0  0  0  0  0 12  0  0  0  0  0  2]
 [ 1 11  0 77  2  0  0  1  4  0  3  0  0  1  0]
 [ 0  2  5  5 52  1  3  3  1  1 11  2  2  5  7]
 [ 0  1  0  0 28 29  8  7  0  7  3  1  0  2 14]
 [ 2  1  0  0 45  3 12 13  3  5  4  2  3  2  5]
 [ 0  0  1  0 47  4 10 22  2  2  1  3  0  2  6]
 [ 0  2 11  1  9  0  0  0 51  0 18  1  1  4  2]
 [ 4  1  0  0 38  4  1  5  0 30  3  0  0 14  0]
 [ 0 16  1  9  4  1  0  0  9  0 54  1  0  5  0]
 [ 0  2 18  1 20  4  6  5  4  4  7 21  0  0  8]
 [ 0  0  0  1 44  0  0  1  2  3  2  0 33  5  9]
 [ 0  1  0  0 16  2  3  1  2  0  6  3  0 66  0]
 [ 0  0  3  0 38  0  0  0  1  0  2  0  0  0 56]]
2025-11-16 23:23:05,973 homework_03_0102 <module> Line 381 [INFO]: [문제1][SVM] Hyperopt Best Params={'C': 2.6493777941487147, 'kernel': 'rbf'}
2025-11-16 23:23:06,166 homework_03_0102 <module> Line 390 [INFO]: [문제1][SVM][Tuned] Acc=0.5328 | Prec=0.5309 | Recall=0.5348 | F1=0.5289
[[21  0  0  0 22  4 14 27  0  5  0  3  3  2  8]
 [ 0 66  0  9  1  0  0  0  4  0 20  0  0  0  0]
 [ 0  0 84  0  2  0  0  0  8  0  0  4  1  0  1]
 [ 1 14  0 74  0  2  0  0  4  0  3  0  2  0  0]
 [ 9  2  4  6 32  2  1  6  0  5  4  5  3 12  9]
 [ 5  1  0  0  6 50  4  7  0  7  1  5  1  0 13]
 [11  1  0  0  5  4 27 23  2 11  2  3  5  2  4]
 [13  0  0  0 10  6  8 34  1  7  1  8  1  7  4]
 [ 2  3  7  2  1  0  0  0 59  0 15  4  1  2  4]
 [ 6  0  0  2  8 10  4 15  0 46  1  0  2  5  1]
 [ 0 18  3  5  2  1  0  0  6  0 62  1  0  2  0]
 [ 7  2 12  0  9  7  4  5  1  4  5 34  0  1  9]
 [ 1  0  1  3  5  9  0  0  0  0  0  0 73  1  7]
 [ 4  0  1  2  2  3  2  6  0  1  1  5  0 73  0]
 [ 2  0  3  0 12  3  2  0  2  0  3  0  4  0 69]]
2025-11-16 23:23:06,206 homework_03_0102 <module> Line 430 [INFO]: [문제1][SVM] F1 Score Range: 0.0104 ~ 0.5769 (mean=0.4393)
2025-11-16 23:23:06,792 homework_03_0102 <module> Line 335 [INFO]: [문제1][RF][Baseline] Acc=0.5560 | Prec=0.5432 | Recall=0.5582 | F1=0.5456
[[20  0  0  0 18  3  6 24  2  7  0  6  4  5 14]
 [ 0 67  0  8  0  0  0  0  3  0 19  0  0  3  0]
 [ 0  0 89  0  0  0  0  0  8  0  0  1  0  0  2]
 [ 0  8  0 79  0  0  0  1  3  1  4  0  2  1  1]
 [ 3  3  4  3 35  2  3  7  0  5  8  7  3 11  6]
 [ 3  1  0  0  6 48  5  4  1  7  3  6  3  0 13]
 [10  1  0  0  5  5 29 15  2 13  2  5  5  3  5]
 [10  0  3  0  7  4 18 36  0  5  0  6  5  3  3]
 [ 0  3  7  1  1  0  0  0 62  0 17  0  1  3  5]
 [ 3  1  0  0 10  6  3  7  0 57  0  0  7  6  0]
 [ 0 18  1  9  0  1  0  0 11  0 54  2  0  4  0]
 [ 5  2 14  1  5 10  5  3  1  6  4 37  0  1  6]
 [ 1  0  1  3  4  4  0  1  1  1  0  0 75  2  7]
 [ 1  1  0  0  4  2  1  2  0  3  2  3  0 81  0]
 [ 4  0  4  0 10  1  3  0  1  2  2  0  3  0 70]]
2025-11-16 23:23:42,029 homework_03_0102 <module> Line 381 [INFO]: [문제1][RF] Hyperopt Best Params={'max_features': 0.5, 'n_estimators': 600}
2025-11-16 23:23:42,206 homework_03_0102 <module> Line 390 [INFO]: [문제1][RF][Tuned] Acc=0.5348 | Prec=0.5292 | Recall=0.5372 | F1=0.5270
[[14  0  0  0 29  3 12 21  1  8  0  3  3  6  9]
 [ 0 67  0  7  1  0  0  0  2  0 21  0  0  2  0]
 [ 0  0 81  0  0  1  0  0 10  0  0  7  0  0  1]
 [ 0 10  0 76  0  2  0  1  3  0  5  1  1  0  1]
 [ 1  3  4  3 38  3  4  6  1  6 10  4  3  8  6]
 [ 3  2  0  0  5 41 10  6  0  7  3  3  2  1 17]
 [ 5  1  0  0 10  7 25 20  1 11  1  6  7  2  4]
 [ 9  0  0  0  8  2 15 38  1  7  0  7  7  3  3]
 [ 0  1  6  4  4  0  0  0 57  0 21  1  1  1  4]
 [ 1  1  0  0 11  7  3  4  0 58  1  0  7  6  1]
 [ 0 17  1  5  1  1  0  0 12  0 59  0  0  4  0]
 [ 4  1 15  2  5  4  9  3  2  6  7 39  0  0  3]
 [ 0  1  1  1  5  7  0  1  1  0  0  0 74  2  7]
 [ 1  0  0  0  5  4  1  1  0  6  3  2  1 76  0]
 [ 4  0  4  0 14  2  4  0  1  2  2  0  3  0 64]]
2025-11-16 23:23:42,399 homework_03_0102 <module> Line 430 [INFO]: [문제1][RF] F1 Score Range: 0.5272 ~ 0.5575 (mean=0.5450)
2025-11-16 23:23:46,445 homework_03_0102 <module> Line 335 [INFO]: [문제1][XGB][Baseline] Acc=0.5693 | Prec=0.5679 | Recall=0.5712 | F1=0.5672
[[26  0  0  0 21  1 17 25  0  6  0  3  1  2  7]
 [ 0 65  0  7  1  1  0  0  4  0 21  0  0  1  0]
 [ 0  0 85  0  0  0  0  0 13  0  0  1  0  0  1]
 [ 0 11  0 74  0  4  0  1  2  0  5  0  1  1  1]
 [ 7  2  4  2 39  1  1  7  1  8  5  6  2 10  5]
 [ 2  1  1  1  4 47  7  6  0  5  1  7  3  0 15]
 [12  1  0  0  7  5 38 15  2  8  0  6  2  1  3]
 [12  0  2  0  8  2 14 34  0  6  1  7  2  6  6]
 [ 0  3  7  1  2  0  0  0 63  0 15  0  1  1  7]
 [ 5  0  0  0  9  3  9  8  0 59  0  0  2  3  2]
 [ 0 14  2  7  0  1  0  0 12  0 58  2  0  3  1]
 [ 6  2  9  1  7  7  8  6  1  3  1 48  0  0  1]
 [ 2  0  2  4  4 10  1  0  0  0  0  1 71  1  4]
 [ 1  0  0  0  2  1  2  5  0  1  3  3  0 82  0]
 [ 3  0  5  0  6  3  4  0  1  1  2  2  3  0 70]]
2025-11-16 23:24:19,840 homework_03_0102 <module> Line 381 [INFO]: [문제1][XGB] Hyperopt Best Params={'colsample_bytree': 0.5, 'learning_rate': 0.07663282515155234, 'max_depth': 6, 'subsample': 0.7000000000000001, 'n_estimators': 148}
2025-11-16 23:24:20,006 homework_03_0102 <module> Line 390 [INFO]: [문제1][XGB][Tuned] Acc=0.5739 | Prec=0.5733 | Recall=0.5757 | F1=0.5711
[[30  0  0  0 24  1 13 19  1  5  0  4  1  3  8]
 [ 0 69  0  7  0  1  0  0  6  0 17  0  0  0  0]
 [ 0  0 85  0  0  0  0  0 11  0  0  1  1  0  2]
 [ 0 12  0 74  0  2  0  1  3  0  4  0  2  1  1]
 [ 5  3  5  2 38  2  3  4  0  7  6  7  2 10  6]
 [ 3  2  0  0  6 50  7  3  0  5  3  4  3  0 14]
 [ 6  1  0  0 11  5 35 16  2  8  0  6  2  4  4]
 [ 6  0  0  0  9  0 15 39  1  7  1  9  3  6  4]
 [ 0  2  7  1  2  0  0  0 65  0 14  2  1  1  5]
 [ 3  1  0  0 10  3  9  8  0 58  0  1  1  4  2]
 [ 0 19  1  7  0  1  0  0 12  0 57  1  0  2  0]
 [ 4  1 10  2  8  6  9  3  1  4  4 45  0  1  2]
 [ 2  1  2  1  1  6  1  0  0  0  1  0 75  3  7]
 [ 2  0  0  0  2  1  2  3  0  4  3  3  0 80  0]
 [ 6  0  4  0 10  4  2  0  1  2  2  1  2  0 66]]
2025-11-16 23:24:20,619 homework_03_0102 <module> Line 430 [INFO]: [문제1][XGB] F1 Score Range: 0.5872 ~ 0.6433 (mean=0.6162)
2025-11-16 23:24:20,621 homework_03_0102 <module> Line 442 [INFO]: [문제1] Metrics Summary:
model    stage  accuracy  precision   recall       f1                                                                                                                                                                                                                                                                                                                                                                                                                                                                                                                                                                                                                                                                                                                                                      confusion_matrix
  SVM baseline  0.434062   0.504899 0.436557 0.433134 [[2, 0, 0, 2, 75, 1, 2, 8, 4, 2, 1, 1, 1, 2, 8], [0, 64, 0, 10, 1, 0, 0, 0, 1, 0, 23, 0, 0, 1, 0], [0, 0, 86, 0, 0, 0, 0, 0, 12, 0, 0, 0, 0, 0, 2], [1, 11, 0, 77, 2, 0, 0, 1, 4, 0, 3, 0, 0, 1, 0], [0, 2, 5, 5, 52, 1, 3, 3, 1, 1, 11, 2, 2, 5, 7], [0, 1, 0, 0, 28, 29, 8, 7, 0, 7, 3, 1, 0, 2, 14], [2, 1, 0, 0, 45, 3, 12, 13, 3, 5, 4, 2, 3, 2, 5], [0, 0, 1, 0, 47, 4, 10, 22, 2, 2, 1, 3, 0, 2, 6], [0, 2, 11, 1, 9, 0, 0, 0, 51, 0, 18, 1, 1, 4, 2], [4, 1, 0, 0, 38, 4, 1, 5, 0, 30, 3, 0, 0, 14, 0], [0, 16, 1, 9, 4, 1, 0, 0, 9, 0, 54, 1, 0, 5, 0], [0, 2, 18, 1, 20, 4, 6, 5, 4, 4, 7, 21, 0, 0, 8], [0, 0, 0, 1, 44, 0, 0, 1, 2, 3, 2, 0, 33, 5, 9], [0, 1, 0, 0, 16, 2, 3, 1, 2, 0, 6, 3, 0, 66, 0], [0, 0, 3, 0, 38, 0, 0, 0, 1, 0, 2, 0, 0, 0, 56]]
  SVM    tuned  0.532803   0.530940 0.534844 0.528889    [[21, 0, 0, 0, 22, 4, 14, 27, 0, 5, 0, 3, 3, 2, 8], [0, 66, 0, 9, 1, 0, 0, 0, 4, 0, 20, 0, 0, 0, 0], [0, 0, 84, 0, 2, 0, 0, 0, 8, 0, 0, 4, 1, 0, 1], [1, 14, 0, 74, 0, 2, 0, 0, 4, 0, 3, 0, 2, 0, 0], [9, 2, 4, 6, 32, 2, 1, 6, 0, 5, 4, 5, 3, 12, 9], [5, 1, 0, 0, 6, 50, 4, 7, 0, 7, 1, 5, 1, 0, 13], [11, 1, 0, 0, 5, 4, 27, 23, 2, 11, 2, 3, 5, 2, 4], [13, 0, 0, 0, 10, 6, 8, 34, 1, 7, 1, 8, 1, 7, 4], [2, 3, 7, 2, 1, 0, 0, 0, 59, 0, 15, 4, 1, 2, 4], [6, 0, 0, 2, 8, 10, 4, 15, 0, 46, 1, 0, 2, 5, 1], [0, 18, 3, 5, 2, 1, 0, 0, 6, 0, 62, 1, 0, 2, 0], [7, 2, 12, 0, 9, 7, 4, 5, 1, 4, 5, 34, 0, 1, 9], [1, 0, 1, 3, 5, 9, 0, 0, 0, 0, 0, 0, 73, 1, 7], [4, 0, 1, 2, 2, 3, 2, 6, 0, 1, 1, 5, 0, 73, 0], [2, 0, 3, 0, 12, 3, 2, 0, 2, 0, 3, 0, 4, 0, 69]]
   RF baseline  0.555997   0.543226 0.558232 0.545578    [[20, 0, 0, 0, 18, 3, 6, 24, 2, 7, 0, 6, 4, 5, 14], [0, 67, 0, 8, 0, 0, 0, 0, 3, 0, 19, 0, 0, 3, 0], [0, 0, 89, 0, 0, 0, 0, 0, 8, 0, 0, 1, 0, 0, 2], [0, 8, 0, 79, 0, 0, 0, 1, 3, 1, 4, 0, 2, 1, 1], [3, 3, 4, 3, 35, 2, 3, 7, 0, 5, 8, 7, 3, 11, 6], [3, 1, 0, 0, 6, 48, 5, 4, 1, 7, 3, 6, 3, 0, 13], [10, 1, 0, 0, 5, 5, 29, 15, 2, 13, 2, 5, 5, 3, 5], [10, 0, 3, 0, 7, 4, 18, 36, 0, 5, 0, 6, 5, 3, 3], [0, 3, 7, 1, 1, 0, 0, 0, 62, 0, 17, 0, 1, 3, 5], [3, 1, 0, 0, 10, 6, 3, 7, 0, 57, 0, 0, 7, 6, 0], [0, 18, 1, 9, 0, 1, 0, 0, 11, 0, 54, 2, 0, 4, 0], [5, 2, 14, 1, 5, 10, 5, 3, 1, 6, 4, 37, 0, 1, 6], [1, 0, 1, 3, 4, 4, 0, 1, 1, 1, 0, 0, 75, 2, 7], [1, 1, 0, 0, 4, 2, 1, 2, 0, 3, 2, 3, 0, 81, 0], [4, 0, 4, 0, 10, 1, 3, 0, 1, 2, 2, 0, 3, 0, 70]]
   RF    tuned  0.534791   0.529207 0.537229 0.526953   [[14, 0, 0, 0, 29, 3, 12, 21, 1, 8, 0, 3, 3, 6, 9], [0, 67, 0, 7, 1, 0, 0, 0, 2, 0, 21, 0, 0, 2, 0], [0, 0, 81, 0, 0, 1, 0, 0, 10, 0, 0, 7, 0, 0, 1], [0, 10, 0, 76, 0, 2, 0, 1, 3, 0, 5, 1, 1, 0, 1], [1, 3, 4, 3, 38, 3, 4, 6, 1, 6, 10, 4, 3, 8, 6], [3, 2, 0, 0, 5, 41, 10, 6, 0, 7, 3, 3, 2, 1, 17], [5, 1, 0, 0, 10, 7, 25, 20, 1, 11, 1, 6, 7, 2, 4], [9, 0, 0, 0, 8, 2, 15, 38, 1, 7, 0, 7, 7, 3, 3], [0, 1, 6, 4, 4, 0, 0, 0, 57, 0, 21, 1, 1, 1, 4], [1, 1, 0, 0, 11, 7, 3, 4, 0, 58, 1, 0, 7, 6, 1], [0, 17, 1, 5, 1, 1, 0, 0, 12, 0, 59, 0, 0, 4, 0], [4, 1, 15, 2, 5, 4, 9, 3, 2, 6, 7, 39, 0, 0, 3], [0, 1, 1, 1, 5, 7, 0, 1, 1, 0, 0, 0, 74, 2, 7], [1, 0, 0, 0, 5, 4, 1, 1, 0, 6, 3, 2, 1, 76, 0], [4, 0, 4, 0, 14, 2, 4, 0, 1, 2, 2, 0, 3, 0, 64]]
  XGB baseline  0.569251   0.567892 0.571235 0.567218      [[26, 0, 0, 0, 21, 1, 17, 25, 0, 6, 0, 3, 1, 2, 7], [0, 65, 0, 7, 1, 1, 0, 0, 4, 0, 21, 0, 0, 1, 0], [0, 0, 85, 0, 0, 0, 0, 0, 13, 0, 0, 1, 0, 0, 1], [0, 11, 0, 74, 0, 4, 0, 1, 2, 0, 5, 0, 1, 1, 1], [7, 2, 4, 2, 39, 1, 1, 7, 1, 8, 5, 6, 2, 10, 5], [2, 1, 1, 1, 4, 47, 7, 6, 0, 5, 1, 7, 3, 0, 15], [12, 1, 0, 0, 7, 5, 38, 15, 2, 8, 0, 6, 2, 1, 3], [12, 0, 2, 0, 8, 2, 14, 34, 0, 6, 1, 7, 2, 6, 6], [0, 3, 7, 1, 2, 0, 0, 0, 63, 0, 15, 0, 1, 1, 7], [5, 0, 0, 0, 9, 3, 9, 8, 0, 59, 0, 0, 2, 3, 2], [0, 14, 2, 7, 0, 1, 0, 0, 12, 0, 58, 2, 0, 3, 1], [6, 2, 9, 1, 7, 7, 8, 6, 1, 3, 1, 48, 0, 0, 1], [2, 0, 2, 4, 4, 10, 1, 0, 0, 0, 0, 1, 71, 1, 4], [1, 0, 0, 0, 2, 1, 2, 5, 0, 1, 3, 3, 0, 82, 0], [3, 0, 5, 0, 6, 3, 4, 0, 1, 1, 2, 2, 3, 0, 70]]
  XGB    tuned  0.573890   0.573343 0.575682 0.571106     [[30, 0, 0, 0, 24, 1, 13, 19, 1, 5, 0, 4, 1, 3, 8], [0, 69, 0, 7, 0, 1, 0, 0, 6, 0, 17, 0, 0, 0, 0], [0, 0, 85, 0, 0, 0, 0, 0, 11, 0, 0, 1, 1, 0, 2], [0, 12, 0, 74, 0, 2, 0, 1, 3, 0, 4, 0, 2, 1, 1], [5, 3, 5, 2, 38, 2, 3, 4, 0, 7, 6, 7, 2, 10, 6], [3, 2, 0, 0, 6, 50, 7, 3, 0, 5, 3, 4, 3, 0, 14], [6, 1, 0, 0, 11, 5, 35, 16, 2, 8, 0, 6, 2, 4, 4], [6, 0, 0, 0, 9, 0, 15, 39, 1, 7, 1, 9, 3, 6, 4], [0, 2, 7, 1, 2, 0, 0, 0, 65, 0, 14, 2, 1, 1, 5], [3, 1, 0, 0, 10, 3, 9, 8, 0, 58, 0, 1, 1, 4, 2], [0, 19, 1, 7, 0, 1, 0, 0, 12, 0, 57, 1, 0, 2, 0], [4, 1, 10, 2, 8, 6, 9, 3, 1, 4, 4, 45, 0, 1, 2], [2, 1, 2, 1, 1, 6, 1, 0, 0, 0, 1, 0, 75, 3, 7], [2, 0, 0, 0, 2, 1, 2, 3, 0, 4, 3, 3, 0, 80, 0], [6, 0, 4, 0, 10, 4, 2, 0, 1, 2, 2, 1, 2, 0, 66]]